<?xml version="1.0" encoding="UTF-8"?>
<testng-results skipped="1" failed="0" total="1" passed="0">
  <reporter-output>
  </reporter-output>
  <suite name="Default suite" duration-ms="31" started-at="2015-11-30T05:46:13Z" finished-at="2015-11-30T05:46:13Z">
    <groups>
    </groups>
    <test name="Default test" duration-ms="31" started-at="2015-11-30T05:46:13Z" finished-at="2015-11-30T05:46:13Z">
      <class name="Package1.class1">
        <test-method status="FAIL" signature="myBefore()[pri:0, instance:Package1.class1@17ed40e0]" name="myBefore" is-config="true" duration-ms="0" started-at="2015-11-30T11:16:13Z" finished-at="2015-11-30T11:16:13Z">
          <exception class="java.io.FileNotFoundException">
            <message>
              <![CDATA[Q:\Documents\Project4-DDF.xls (The system cannot find the path specified)]]>
            </message>
            <full-stacktrace>
              <![CDATA[java.io.FileNotFoundException: Q:\Documents\Project4-DDF.xls (The system cannot find the path specified)
	at java.io.FileInputStream.open0(Native Method)
	at java.io.FileInputStream.open(FileInputStream.java:195)
	at java.io.FileInputStream.<init>(FileInputStream.java:138)
	at Package1.class1.readXL(class1.java:147)
	at Package1.class1.myBefore(class1.java:36)
	at sun.reflect.NativeMethodAccessorImpl.invoke0(Native Method)
	at sun.reflect.NativeMethodAccessorImpl.invoke(NativeMethodAccessorImpl.java:62)
	at sun.reflect.DelegatingMethodAccessorImpl.invoke(DelegatingMethodAccessorImpl.java:43)
	at java.lang.reflect.Method.invoke(Method.java:497)
	at org.testng.internal.MethodInvocationHelper.invokeMethod(MethodInvocationHelper.java:84)
	at org.testng.internal.Invoker.invokeConfigurationMethod(Invoker.java:564)
	at org.testng.internal.Invoker.invokeConfigurations(Invoker.java:213)
	at org.testng.internal.Invoker.invokeMethod(Invoker.java:653)
	at org.testng.internal.Invoker.invokeTestMethod(Invoker.java:901)
	at org.testng.internal.Invoker.invokeTestMethods(Invoker.java:1231)
	at org.testng.internal.TestMethodWorker.invokeTestMethods(TestMethodWorker.java:127)
	at org.testng.internal.TestMethodWorker.run(TestMethodWorker.java:111)
	at org.testng.TestRunner.privateRun(TestRunner.java:767)
	at org.testng.TestRunner.run(TestRunner.java:617)
	at org.testng.SuiteRunner.runTest(SuiteRunner.java:334)
	at org.testng.SuiteRunner.runSequentially(SuiteRunner.java:329)
	at org.testng.SuiteRunner.privateRun(SuiteRunner.java:291)
	at org.testng.SuiteRunner.run(SuiteRunner.java:240)
	at org.testng.SuiteRunnerWorker.runSuite(SuiteRunnerWorker.java:52)
	at org.testng.SuiteRunnerWorker.run(SuiteRunnerWorker.java:86)
	at org.testng.TestNG.runSuitesSequentially(TestNG.java:1224)
	at org.testng.TestNG.runSuitesLocally(TestNG.java:1149)
	at org.testng.TestNG.run(TestNG.java:1057)
	at org.testng.remote.RemoteTestNG.run(RemoteTestNG.java:111)
	at org.testng.remote.RemoteTestNG.initAndRun(RemoteTestNG.java:204)
	at org.testng.remote.RemoteTestNG.main(RemoteTestNG.java:175)
]]>
            </full-stacktrace>
          </exception> <!-- java.io.FileNotFoundException -->
          <reporter-output>
          </reporter-output>
        </test-method> <!-- myBefore -->
        <test-method status="SKIP" signature="myEndCode()[pri:0, instance:Package1.class1@17ed40e0]" name="myEndCode" is-config="true" duration-ms="0" started-at="2015-11-30T11:16:13Z" finished-at="2015-11-30T11:16:13Z">
          <reporter-output>
          </reporter-output>
        </test-method> <!-- myEndCode -->
        <test-method status="SKIP" signature="driverDFTest()[pri:0, instance:Package1.class1@17ed40e0]" name="driverDFTest" duration-ms="0" started-at="2015-11-30T11:16:13Z" finished-at="2015-11-30T11:16:13Z">
          <reporter-output>
          </reporter-output>
        </test-method> <!-- driverDFTest -->
      </class> <!-- Package1.class1 -->
    </test> <!-- Default test -->
  </suite> <!-- Default suite -->
</testng-results>
